<?xml version="1.0" encoding="UTF-8"?>
<!-- Generated by org.testng.reporters.JUnitReportReporter -->
<testsuite hostname="DESKTOP-8BOBOJ7" failures="0" tests="1" name="class_session_5.Class_session_5" time="43.431" errors="0" timestamp="2023-06-25T02:37:19 CDT" skipped="0">
  <testcase classname="class_session_5.Class_session_5" name="windowHandles" time="43.431"/>
</testsuite> <!-- class_session_5.Class_session_5 -->
