<?xml version="1.0" encoding="UTF-8"?>
<!-- Generated by org.testng.reporters.JUnitReportReporter -->
<testsuite hostname="DESKTOP-8BOBOJ7" failures="0" tests="1" name="extra.Extra" time="19.543" errors="0" timestamp="2023-06-25T12:38:05 CDT" skipped="0">
  <testcase classname="extra.Extra" name="testScroll" time="19.543"/>
</testsuite> <!-- extra.Extra -->
