<?xml version="1.0" encoding="UTF-8"?>
<!-- Generated by org.testng.reporters.JUnitReportReporter -->
<testsuite hostname="DESKTOP-8BOBOJ7" failures="0" tests="1" name="hw3.Hw3" time="7.782" errors="0" timestamp="2023-07-02T21:39:22 CDT" skipped="0">
  <testcase classname="hw3.Hw3" name="homework" time="7.782"/>
</testsuite> <!-- hw3.Hw3 -->
